<?xml version="1.0" encoding="UTF-8"?>
<testng-results ignored="0" total="2" passed="2" failed="0" skipped="0">
  <reporter-output>
    <line>
      <![CDATA[test1....]]>
    </line>
    <line>
      <![CDATA[test1....]]>
    </line>
  </reporter-output>
  <suite started-at="2024-10-12T15:21:30 GST" name="Suite" finished-at="2024-10-12T15:21:40 GST" duration-ms="10904">
    <groups>
    </groups>
    <test started-at="2024-10-12T15:21:30 GST" name="Test" finished-at="2024-10-12T15:21:40 GST" duration-ms="10904">
      <class name="script.TestDemo">
        <test-method is-config="true" signature="precondition()[pri:0, instance:script.TestDemo@70e9c95d]" started-at="2024-10-12T15:21:30 GST" name="precondition" finished-at="2024-10-12T15:21:35 GST" duration-ms="5624" status="PASS">
          <reporter-output>
          </reporter-output>
        </test-method> <!-- precondition -->
        <test-method signature="test1()[pri:0, instance:script.TestDemo@70e9c95d]" started-at="2024-10-12T15:21:35 GST" name="test1" finished-at="2024-10-12T15:21:35 GST" duration-ms="11" status="PASS">
          <reporter-output>
            <line>
              <![CDATA[test1....]]>
            </line>
          </reporter-output>
        </test-method> <!-- test1 -->
        <test-method is-config="true" signature="postcondition()[pri:0, instance:script.TestDemo@70e9c95d]" started-at="2024-10-12T15:21:35 GST" name="postcondition" finished-at="2024-10-12T15:21:35 GST" duration-ms="109" status="PASS">
          <reporter-output>
          </reporter-output>
        </test-method> <!-- postcondition -->
      </class> <!-- script.TestDemo -->
      <class name="script.TestDemo2">
        <test-method is-config="true" signature="precondition()[pri:0, instance:script.TestDemo2@53fe15ff]" started-at="2024-10-12T15:21:35 GST" name="precondition" finished-at="2024-10-12T15:21:40 GST" duration-ms="5029" status="PASS">
          <reporter-output>
          </reporter-output>
        </test-method> <!-- precondition -->
        <test-method signature="test1()[pri:0, instance:script.TestDemo2@53fe15ff]" started-at="2024-10-12T15:21:40 GST" name="test1" finished-at="2024-10-12T15:21:40 GST" duration-ms="2" status="PASS">
          <reporter-output>
            <line>
              <![CDATA[test1....]]>
            </line>
          </reporter-output>
        </test-method> <!-- test1 -->
        <test-method is-config="true" signature="postcondition()[pri:0, instance:script.TestDemo2@53fe15ff]" started-at="2024-10-12T15:21:40 GST" name="postcondition" finished-at="2024-10-12T15:21:40 GST" duration-ms="81" status="PASS">
          <reporter-output>
          </reporter-output>
        </test-method> <!-- postcondition -->
      </class> <!-- script.TestDemo2 -->
    </test> <!-- Test -->
  </suite> <!-- Suite -->
</testng-results>
