<?xml version="1.0" encoding="UTF-8"?>
<testng-results ignored="0" total="1" passed="0" failed="1" skipped="0">
  <reporter-output>
    <line>
      <![CDATA[Opening chrome on local system]]>
    </line>
    <line>
      <![CDATA[Maximize the browser]]>
    </line>
    <line>
      <![CDATA[Enter the URL]]>
    </line>
    <line>
      <![CDATA[Implicit wait]]>
    </line>
    <line>
      <![CDATA[Explicit wait]]>
    </line>
    <line>
      <![CDATA[Exception occured]]>
    </line>
    <line>
      <![CDATA[Fail:Item hasnt been updated:200]]>
    </line>
    <line>
      <![CDATA[testQuantity has failed,hence screenshot has been taken]]>
    </line>
  </reporter-output>
  <suite started-at="2024-10-21T19:25:21 GST" name="Default suite" finished-at="2024-10-21T19:25:57 GST" duration-ms="35347">
    <groups>
    </groups>
    <test started-at="2024-10-21T19:25:21 GST" name="Default test" finished-at="2024-10-21T19:25:57 GST" duration-ms="35347">
      <class name="scriptForPOS.ValidateQuantity">
        <test-method is-config="true" signature="precondition(java.lang.String,java.lang.String,java.lang.String,java.lang.String)[pri:0, instance:scriptForPOS.ValidateQuantity@52719fb6]" started-at="2024-10-21T19:25:21 GST" name="precondition" finished-at="2024-10-21T19:25:29 GST" duration-ms="8210" status="PASS">
          <params>
            <param index="0">
              <value>
                <![CDATA[chrome]]>
              </value>
            </param>
            <param index="1">
              <value>
                <![CDATA[no]]>
              </value>
            </param>
            <param index="2">
              <value>
                <![CDATA[]]>
              </value>
            </param>
            <param index="3">
              <value>
                <![CDATA[./staging_env.properties]]>
              </value>
            </param>
          </params>
          <reporter-output>
            <line>
              <![CDATA[Opening chrome on local system]]>
            </line>
            <line>
              <![CDATA[Maximize the browser]]>
            </line>
            <line>
              <![CDATA[Enter the URL]]>
            </line>
            <line>
              <![CDATA[Implicit wait]]>
            </line>
            <line>
              <![CDATA[Explicit wait]]>
            </line>
          </reporter-output>
        </test-method> <!-- precondition -->
        <test-method signature="testQuantity()[pri:0, instance:scriptForPOS.ValidateQuantity@52719fb6]" started-at="2024-10-21T19:25:29 GST" name="testQuantity" finished-at="2024-10-21T19:25:54 GST" duration-ms="24896" status="FAIL">
          <exception class="java.lang.AssertionError">
            <message>
              <![CDATA[null]]>
            </message>
            <full-stacktrace>
              <![CDATA[java.lang.AssertionError: null
at org.testng.Assert.fail(Assert.java:111)
at org.testng.Assert.fail(Assert.java:116)
at page.ItemsPage.getQuantity(ItemsPage.java:108)
at scriptForPOS.ValidateQuantity.testQuantity(ValidateQuantity.java:70)
at java.base/jdk.internal.reflect.NativeMethodAccessorImpl.invoke0(Native Method)
at java.base/jdk.internal.reflect.NativeMethodAccessorImpl.invoke(NativeMethodAccessorImpl.java:77)
at java.base/jdk.internal.reflect.DelegatingMethodAccessorImpl.invoke(DelegatingMethodAccessorImpl.java:43)
at java.base/java.lang.reflect.Method.invoke(Method.java:568)
at org.testng.internal.invokers.MethodInvocationHelper.invokeMethod(MethodInvocationHelper.java:141)
at org.testng.internal.invokers.TestInvoker.invokeMethod(TestInvoker.java:686)
at org.testng.internal.invokers.TestInvoker.invokeTestMethod(TestInvoker.java:230)
at org.testng.internal.invokers.MethodRunner.runInSequence(MethodRunner.java:63)
at org.testng.internal.invokers.TestInvoker$MethodInvocationAgent.invoke(TestInvoker.java:992)
at org.testng.internal.invokers.TestInvoker.invokeTestMethods(TestInvoker.java:203)
at org.testng.internal.invokers.TestMethodWorker.invokeTestMethods(TestMethodWorker.java:154)
at org.testng.internal.invokers.TestMethodWorker.run(TestMethodWorker.java:134)
at java.base/java.util.ArrayList.forEach(ArrayList.java:1511)
at org.testng.TestRunner.privateRun(TestRunner.java:739)
at org.testng.TestRunner.run(TestRunner.java:614)
at org.testng.SuiteRunner.runTest(SuiteRunner.java:421)
at org.testng.SuiteRunner.runSequentially(SuiteRunner.java:413)
at org.testng.SuiteRunner.privateRun(SuiteRunner.java:373)
at org.testng.SuiteRunner.run(SuiteRunner.java:312)
at org.testng.SuiteRunnerWorker.runSuite(SuiteRunnerWorker.java:52)
at org.testng.SuiteRunnerWorker.run(SuiteRunnerWorker.java:95)
at org.testng.TestNG.runSuitesSequentially(TestNG.java:1274)
at org.testng.TestNG.runSuitesLocally(TestNG.java:1208)
at org.testng.TestNG.runSuites(TestNG.java:1112)
at org.testng.TestNG.run(TestNG.java:1079)
at org.testng.remote.AbstractRemoteTestNG.run(AbstractRemoteTestNG.java:115)
at org.testng.remote.RemoteTestNG.initAndRun(RemoteTestNG.java:293)
at org.testng.remote.RemoteTestNG.main(RemoteTestNG.java:91)
]]>
            </full-stacktrace>
          </exception> <!-- java.lang.AssertionError -->
          <reporter-output>
            <line>
              <![CDATA[Exception occured]]>
            </line>
            <line>
              <![CDATA[Fail:Item hasnt been updated:200]]>
            </line>
          </reporter-output>
        </test-method> <!-- testQuantity -->
        <test-method is-config="true" signature="postcondition(org.testng.ITestResult)[pri:0, instance:scriptForPOS.ValidateQuantity@52719fb6]" started-at="2024-10-21T19:25:54 GST" name="postcondition" finished-at="2024-10-21T19:25:57 GST" duration-ms="2169" status="PASS">
          <params>
            <param index="0">
              <value>
                <![CDATA[[TestResult name=testQuantity status=FAILURE method=ValidateQuantity.testQuantity()[pri:0, instance:scriptForPOS.ValidateQuantity@52719fb6] output=Exception occured]]]>
              </value>
            </param>
          </params>
          <reporter-output>
            <line>
              <![CDATA[testQuantity has failed,hence screenshot has been taken]]>
            </line>
          </reporter-output>
        </test-method> <!-- postcondition -->
      </class> <!-- scriptForPOS.ValidateQuantity -->
    </test> <!-- Default test -->
  </suite> <!-- Default suite -->
</testng-results>
