<?xml version="1.0" encoding="UTF-8"?>
<testng-results ignored="0" total="1" passed="1" failed="0" skipped="0">
  <reporter-output>
    <line>
      <![CDATA[Opening chrome on local system]]>
    </line>
    <line>
      <![CDATA[Maximize the browser]]>
    </line>
    <line>
      <![CDATA[Enter the URL]]>
    </line>
    <line>
      <![CDATA[Implicit wait]]>
    </line>
    <line>
      <![CDATA[Explicit wait]]>
    </line>
    <line>
      <![CDATA[HomePage displayed]]>
    </line>
    <line>
      <![CDATA[testValidLogin has passed,hence NO screenshot has been taken]]>
    </line>
  </reporter-output>
  <suite started-at="2024-10-14T23:03:35 GST" name="Default suite" finished-at="2024-10-14T23:03:46 GST" duration-ms="11043">
    <groups>
    </groups>
    <test started-at="2024-10-14T23:03:35 GST" name="Default test" finished-at="2024-10-14T23:03:46 GST" duration-ms="11043">
      <class name="scriptForLoginPage.ValidLogin">
        <test-method is-config="true" signature="precondition(java.lang.String,java.lang.String,java.lang.String,java.lang.String)[pri:0, instance:scriptForLoginPage.ValidLogin@52719fb6]" started-at="2024-10-14T23:03:35 GST" name="precondition" finished-at="2024-10-14T23:03:42 GST" duration-ms="7498" status="PASS">
          <params>
            <param index="0">
              <value>
                <![CDATA[chrome]]>
              </value>
            </param>
            <param index="1">
              <value>
                <![CDATA[no]]>
              </value>
            </param>
            <param index="2">
              <value>
                <![CDATA[]]>
              </value>
            </param>
            <param index="3">
              <value>
                <![CDATA[./staging_env.properties]]>
              </value>
            </param>
          </params>
          <reporter-output>
            <line>
              <![CDATA[Opening chrome on local system]]>
            </line>
            <line>
              <![CDATA[Maximize the browser]]>
            </line>
            <line>
              <![CDATA[Enter the URL]]>
            </line>
            <line>
              <![CDATA[Implicit wait]]>
            </line>
            <line>
              <![CDATA[Explicit wait]]>
            </line>
          </reporter-output>
        </test-method> <!-- precondition -->
        <test-method signature="testValidLogin()[pri:1, instance:scriptForLoginPage.ValidLogin@52719fb6]" started-at="2024-10-14T23:03:42 GST" name="testValidLogin" finished-at="2024-10-14T23:03:46 GST" duration-ms="3392" status="PASS">
          <reporter-output>
            <line>
              <![CDATA[HomePage displayed]]>
            </line>
          </reporter-output>
        </test-method> <!-- testValidLogin -->
        <test-method is-config="true" signature="postcondition(org.testng.ITestResult)[pri:0, instance:scriptForLoginPage.ValidLogin@52719fb6]" started-at="2024-10-14T23:03:46 GST" name="postcondition" finished-at="2024-10-14T23:03:46 GST" duration-ms="104" status="PASS">
          <params>
            <param index="0">
              <value>
                <![CDATA[[TestResult name=testValidLogin status=SUCCESS method=ValidLogin.testValidLogin()[pri:1, instance:scriptForLoginPage.ValidLogin@52719fb6] output=HomePage displayed]]]>
              </value>
            </param>
          </params>
          <reporter-output>
            <line>
              <![CDATA[testValidLogin has passed,hence NO screenshot has been taken]]>
            </line>
          </reporter-output>
        </test-method> <!-- postcondition -->
      </class> <!-- scriptForLoginPage.ValidLogin -->
    </test> <!-- Default test -->
  </suite> <!-- Default suite -->
</testng-results>
