<?xml version="1.0" encoding="UTF-8"?>
<testng-results ignored="0" total="1" passed="1" failed="0" skipped="0">
  <reporter-output>
    <line>
      <![CDATA[Opening chrome on local system]]>
    </line>
    <line>
      <![CDATA[Maximize the browser]]>
    </line>
    <line>
      <![CDATA[Enter the URL]]>
    </line>
    <line>
      <![CDATA[Implicit wait]]>
    </line>
    <line>
      <![CDATA[Explicit wait]]>
    </line>
    <line>
      <![CDATA[PASS:err msg displyed:]]>
    </line>
    <line>
      <![CDATA[testInvalidLogin has passed,hence NO screenshot has been taken]]>
    </line>
  </reporter-output>
  <suite started-at="2024-10-15T18:17:10 GST" name="Default suite" finished-at="2024-10-15T18:17:19 GST" duration-ms="9459">
    <groups>
    </groups>
    <test started-at="2024-10-15T18:17:10 GST" name="Default test" finished-at="2024-10-15T18:17:19 GST" duration-ms="9459">
      <class name="scriptForLoginPage.InvalidLogin">
        <test-method is-config="true" signature="precondition(java.lang.String,java.lang.String,java.lang.String,java.lang.String)[pri:0, instance:scriptForLoginPage.InvalidLogin@52719fb6]" started-at="2024-10-15T18:17:10 GST" name="precondition" finished-at="2024-10-15T18:17:17 GST" duration-ms="7397" status="PASS">
          <params>
            <param index="0">
              <value>
                <![CDATA[chrome]]>
              </value>
            </param>
            <param index="1">
              <value>
                <![CDATA[no]]>
              </value>
            </param>
            <param index="2">
              <value>
                <![CDATA[]]>
              </value>
            </param>
            <param index="3">
              <value>
                <![CDATA[./staging_env.properties]]>
              </value>
            </param>
          </params>
          <reporter-output>
            <line>
              <![CDATA[Opening chrome on local system]]>
            </line>
            <line>
              <![CDATA[Maximize the browser]]>
            </line>
            <line>
              <![CDATA[Enter the URL]]>
            </line>
            <line>
              <![CDATA[Implicit wait]]>
            </line>
            <line>
              <![CDATA[Explicit wait]]>
            </line>
          </reporter-output>
        </test-method> <!-- precondition -->
        <test-method signature="testInvalidLogin()[pri:2, instance:scriptForLoginPage.InvalidLogin@52719fb6]" started-at="2024-10-15T18:17:17 GST" name="testInvalidLogin" finished-at="2024-10-15T18:17:19 GST" duration-ms="1916" status="PASS">
          <reporter-output>
            <line>
              <![CDATA[PASS:err msg displyed:]]>
            </line>
          </reporter-output>
        </test-method> <!-- testInvalidLogin -->
        <test-method is-config="true" signature="postcondition(org.testng.ITestResult)[pri:0, instance:scriptForLoginPage.InvalidLogin@52719fb6]" started-at="2024-10-15T18:17:19 GST" name="postcondition" finished-at="2024-10-15T18:17:19 GST" duration-ms="97" status="PASS">
          <params>
            <param index="0">
              <value>
                <![CDATA[[TestResult name=testInvalidLogin status=SUCCESS method=InvalidLogin.testInvalidLogin()[pri:2, instance:scriptForLoginPage.InvalidLogin@52719fb6] output=PASS:err msg displyed:]]]>
              </value>
            </param>
          </params>
          <reporter-output>
            <line>
              <![CDATA[testInvalidLogin has passed,hence NO screenshot has been taken]]>
            </line>
          </reporter-output>
        </test-method> <!-- postcondition -->
      </class> <!-- scriptForLoginPage.InvalidLogin -->
    </test> <!-- Default test -->
  </suite> <!-- Default suite -->
</testng-results>
