<?xml version="1.0" encoding="UTF-8"?>
<testng-results ignored="0" total="2" passed="1" failed="1" skipped="0">
  <reporter-output>
    <line>
      <![CDATA[Open the browser]]>
    </line>
    <line>
      <![CDATA[Opening Chrome on remote system]]>
    </line>
    <line>
      <![CDATA[Maximize the browser]]>
    </line>
    <line>
      <![CDATA[Enter the URL]]>
    </line>
    <line>
      <![CDATA[Implicit wait]]>
    </line>
    <line>
      <![CDATA[Explicit wait]]>
    </line>
    <line>
      <![CDATA[Loveena running test1....]]>
    </line>
    <line>
      <![CDATA[test1 has passed,hence NO screenshot has been taken]]>
    </line>
    <line>
      <![CDATA[Open the browser]]>
    </line>
    <line>
      <![CDATA[Opening Chrome on remote system]]>
    </line>
    <line>
      <![CDATA[Maximize the browser]]>
    </line>
    <line>
      <![CDATA[Enter the URL]]>
    </line>
    <line>
      <![CDATA[Implicit wait]]>
    </line>
    <line>
      <![CDATA[Explicit wait]]>
    </line>
    <line>
      <![CDATA[test1....Sam is a genius. 😜]]>
    </line>
    <line>
      <![CDATA[test1 has failed,hence screenshot has been taken]]>
    </line>
  </reporter-output>
  <suite started-at="2024-10-14T20:01:14 GST" name="Suite" finished-at="2024-10-14T20:01:37 GST" duration-ms="22851">
    <groups>
    </groups>
    <test started-at="2024-10-14T20:01:14 GST" name="TestChrome" finished-at="2024-10-14T20:01:37 GST" duration-ms="22851">
      <class name="script.TestDemo">
        <test-method is-config="true" signature="precondition(java.lang.String,java.lang.String,java.lang.String,java.lang.String)[pri:0, instance:script.TestDemo@58cbafc2]" started-at="2024-10-14T20:01:26 GST" name="precondition" finished-at="2024-10-14T20:01:36 GST" duration-ms="9965" status="PASS">
          <params>
            <param index="0">
              <value>
                <![CDATA[chrome]]>
              </value>
            </param>
            <param index="1">
              <value>
                <![CDATA[yes]]>
              </value>
            </param>
            <param index="2">
              <value>
                <![CDATA[http://192.168.1.102:4444]]>
              </value>
            </param>
            <param index="3">
              <value>
                <![CDATA[qa_env.properties]]>
              </value>
            </param>
          </params>
          <reporter-output>
            <line>
              <![CDATA[Open the browser]]>
            </line>
            <line>
              <![CDATA[Opening Chrome on remote system]]>
            </line>
            <line>
              <![CDATA[Maximize the browser]]>
            </line>
            <line>
              <![CDATA[Enter the URL]]>
            </line>
            <line>
              <![CDATA[Implicit wait]]>
            </line>
            <line>
              <![CDATA[Explicit wait]]>
            </line>
          </reporter-output>
        </test-method> <!-- precondition -->
        <test-method signature="test1()[pri:0, instance:script.TestDemo@58cbafc2]" started-at="2024-10-14T20:01:36 GST" name="test1" finished-at="2024-10-14T20:01:37 GST" duration-ms="675" status="FAIL">
          <exception class="java.lang.AssertionError">
            <message>
              <![CDATA[null]]>
            </message>
            <full-stacktrace>
              <![CDATA[java.lang.AssertionError: null
at org.testng.Assert.fail(Assert.java:111)
at org.testng.Assert.fail(Assert.java:116)
at script.TestDemo.test1(TestDemo.java:16)
at java.base/jdk.internal.reflect.NativeMethodAccessorImpl.invoke0(Native Method)
at java.base/jdk.internal.reflect.NativeMethodAccessorImpl.invoke(NativeMethodAccessorImpl.java:77)
at java.base/jdk.internal.reflect.DelegatingMethodAccessorImpl.invoke(DelegatingMethodAccessorImpl.java:43)
at java.base/java.lang.reflect.Method.invoke(Method.java:568)
at org.testng.internal.invokers.MethodInvocationHelper.invokeMethod(MethodInvocationHelper.java:141)
at org.testng.internal.invokers.TestInvoker.invokeMethod(TestInvoker.java:686)
at org.testng.internal.invokers.TestInvoker.invokeTestMethod(TestInvoker.java:230)
at org.testng.internal.invokers.MethodRunner.runInSequence(MethodRunner.java:63)
at org.testng.internal.invokers.TestInvoker$MethodInvocationAgent.invoke(TestInvoker.java:992)
at org.testng.internal.invokers.TestInvoker.invokeTestMethods(TestInvoker.java:203)
at org.testng.internal.invokers.TestMethodWorker.invokeTestMethods(TestMethodWorker.java:154)
at org.testng.internal.invokers.TestMethodWorker.run(TestMethodWorker.java:134)
at java.base/java.util.ArrayList.forEach(ArrayList.java:1511)
at org.testng.TestRunner.privateRun(TestRunner.java:739)
at org.testng.TestRunner.run(TestRunner.java:614)
at org.testng.SuiteRunner.runTest(SuiteRunner.java:421)
at org.testng.SuiteRunner.runSequentially(SuiteRunner.java:413)
at org.testng.SuiteRunner.privateRun(SuiteRunner.java:373)
at org.testng.SuiteRunner.run(SuiteRunner.java:312)
at org.testng.SuiteRunnerWorker.runSuite(SuiteRunnerWorker.java:52)
at org.testng.SuiteRunnerWorker.run(SuiteRunnerWorker.java:95)
at org.testng.TestNG.runSuitesSequentially(TestNG.java:1274)
at org.testng.TestNG.runSuitesLocally(TestNG.java:1208)
at org.testng.TestNG.runSuites(TestNG.java:1112)
at org.testng.TestNG.run(TestNG.java:1079)
at org.testng.remote.AbstractRemoteTestNG.run(AbstractRemoteTestNG.java:115)
at org.testng.remote.RemoteTestNG.initAndRun(RemoteTestNG.java:293)
at org.testng.remote.RemoteTestNG.main(RemoteTestNG.java:91)
]]>
            </full-stacktrace>
          </exception> <!-- java.lang.AssertionError -->
          <reporter-output>
            <line>
              <![CDATA[test1....Sam is a genius. 😜]]>
            </line>
          </reporter-output>
        </test-method> <!-- test1 -->
        <test-method is-config="true" signature="postcondition(org.testng.ITestResult)[pri:0, instance:script.TestDemo@58cbafc2]" started-at="2024-10-14T20:01:37 GST" name="postcondition" finished-at="2024-10-14T20:01:37 GST" duration-ms="306" status="PASS">
          <params>
            <param index="0">
              <value>
                <![CDATA[[TestResult name=test1 status=FAILURE method=TestDemo.test1()[pri:0, instance:script.TestDemo@58cbafc2] output=test1....Sam is a genius. 😜]]]>
              </value>
            </param>
          </params>
          <reporter-output>
            <line>
              <![CDATA[test1 has failed,hence screenshot has been taken]]>
            </line>
          </reporter-output>
        </test-method> <!-- postcondition -->
      </class> <!-- script.TestDemo -->
      <class name="script.TestDemo2">
        <test-method is-config="true" signature="precondition(java.lang.String,java.lang.String,java.lang.String,java.lang.String)[pri:0, instance:script.TestDemo2@1e6a3214]" started-at="2024-10-14T20:01:14 GST" name="precondition" finished-at="2024-10-14T20:01:26 GST" duration-ms="11720" status="PASS">
          <params>
            <param index="0">
              <value>
                <![CDATA[chrome]]>
              </value>
            </param>
            <param index="1">
              <value>
                <![CDATA[yes]]>
              </value>
            </param>
            <param index="2">
              <value>
                <![CDATA[http://192.168.1.102:4444]]>
              </value>
            </param>
            <param index="3">
              <value>
                <![CDATA[qa_env.properties]]>
              </value>
            </param>
          </params>
          <reporter-output>
            <line>
              <![CDATA[Open the browser]]>
            </line>
            <line>
              <![CDATA[Opening Chrome on remote system]]>
            </line>
            <line>
              <![CDATA[Maximize the browser]]>
            </line>
            <line>
              <![CDATA[Enter the URL]]>
            </line>
            <line>
              <![CDATA[Implicit wait]]>
            </line>
            <line>
              <![CDATA[Explicit wait]]>
            </line>
          </reporter-output>
        </test-method> <!-- precondition -->
        <test-method signature="test1()[pri:0, instance:script.TestDemo2@1e6a3214]" started-at="2024-10-14T20:01:26 GST" name="test1" finished-at="2024-10-14T20:01:26 GST" duration-ms="8" status="PASS">
          <reporter-output>
            <line>
              <![CDATA[Loveena running test1....]]>
            </line>
          </reporter-output>
        </test-method> <!-- test1 -->
        <test-method is-config="true" signature="postcondition(org.testng.ITestResult)[pri:0, instance:script.TestDemo2@1e6a3214]" started-at="2024-10-14T20:01:26 GST" name="postcondition" finished-at="2024-10-14T20:01:26 GST" duration-ms="114" status="PASS">
          <params>
            <param index="0">
              <value>
                <![CDATA[[TestResult name=test1 status=SUCCESS method=TestDemo2.test1()[pri:0, instance:script.TestDemo2@1e6a3214] output=Loveena running test1....]]]>
              </value>
            </param>
          </params>
          <reporter-output>
            <line>
              <![CDATA[test1 has passed,hence NO screenshot has been taken]]>
            </line>
          </reporter-output>
        </test-method> <!-- postcondition -->
      </class> <!-- script.TestDemo2 -->
    </test> <!-- TestChrome -->
  </suite> <!-- Suite -->
</testng-results>
