<?xml version="1.0" encoding="UTF-8"?>
<testng-results ignored="0" total="1" passed="1" failed="0" skipped="0">
  <reporter-output>
    <line>
      <![CDATA[Opening chrome on local system]]>
    </line>
    <line>
      <![CDATA[Maximize the browser]]>
    </line>
    <line>
      <![CDATA[Enter the URL]]>
    </line>
    <line>
      <![CDATA[Implicit wait]]>
    </line>
    <line>
      <![CDATA[Explicit wait]]>
    </line>
    <line>
      <![CDATA[Exception occured]]>
    </line>
    <line>
      <![CDATA[testQuantity has passed,hence NO screenshot has been taken]]>
    </line>
  </reporter-output>
  <suite started-at="2024-10-21T13:01:18 GST" name="Default suite" finished-at="2024-10-21T13:01:51 GST" duration-ms="32933">
    <groups>
    </groups>
    <test started-at="2024-10-21T13:01:18 GST" name="Default test" finished-at="2024-10-21T13:01:51 GST" duration-ms="32933">
      <class name="scriptForLoginPage.ValidateQuantity">
        <test-method is-config="true" signature="precondition(java.lang.String,java.lang.String,java.lang.String,java.lang.String)[pri:0, instance:scriptForLoginPage.ValidateQuantity@52719fb6]" started-at="2024-10-21T13:01:19 GST" name="precondition" finished-at="2024-10-21T13:01:27 GST" duration-ms="8045" status="PASS">
          <params>
            <param index="0">
              <value>
                <![CDATA[chrome]]>
              </value>
            </param>
            <param index="1">
              <value>
                <![CDATA[no]]>
              </value>
            </param>
            <param index="2">
              <value>
                <![CDATA[]]>
              </value>
            </param>
            <param index="3">
              <value>
                <![CDATA[./staging_env.properties]]>
              </value>
            </param>
          </params>
          <reporter-output>
            <line>
              <![CDATA[Opening chrome on local system]]>
            </line>
            <line>
              <![CDATA[Maximize the browser]]>
            </line>
            <line>
              <![CDATA[Enter the URL]]>
            </line>
            <line>
              <![CDATA[Implicit wait]]>
            </line>
            <line>
              <![CDATA[Explicit wait]]>
            </line>
          </reporter-output>
        </test-method> <!-- precondition -->
        <test-method signature="testQuantity()[pri:0, instance:scriptForLoginPage.ValidateQuantity@52719fb6]" started-at="2024-10-21T13:01:27 GST" name="testQuantity" finished-at="2024-10-21T13:01:49 GST" duration-ms="22807" status="PASS">
          <reporter-output>
            <line>
              <![CDATA[Exception occured]]>
            </line>
          </reporter-output>
        </test-method> <!-- testQuantity -->
        <test-method is-config="true" signature="postcondition(org.testng.ITestResult)[pri:0, instance:scriptForLoginPage.ValidateQuantity@52719fb6]" started-at="2024-10-21T13:01:49 GST" name="postcondition" finished-at="2024-10-21T13:01:51 GST" duration-ms="2008" status="PASS">
          <params>
            <param index="0">
              <value>
                <![CDATA[[TestResult name=testQuantity status=SUCCESS method=ValidateQuantity.testQuantity()[pri:0, instance:scriptForLoginPage.ValidateQuantity@52719fb6] output=Exception occured]]]>
              </value>
            </param>
          </params>
          <reporter-output>
            <line>
              <![CDATA[testQuantity has passed,hence NO screenshot has been taken]]>
            </line>
          </reporter-output>
        </test-method> <!-- postcondition -->
      </class> <!-- scriptForLoginPage.ValidateQuantity -->
    </test> <!-- Default test -->
  </suite> <!-- Default suite -->
</testng-results>
