<?xml version="1.0" encoding="UTF-8"?>
<testng-results ignored="0" total="1" passed="1" failed="0" skipped="0">
  <reporter-output>
    <line>
      <![CDATA[Loveena running test1....]]>
    </line>
  </reporter-output>
  <suite started-at="2024-10-13T00:23:55 GST" name="Default suite" finished-at="2024-10-13T00:24:07 GST" duration-ms="12109">
    <groups>
    </groups>
    <test started-at="2024-10-13T00:23:55 GST" name="Default test" finished-at="2024-10-13T00:24:07 GST" duration-ms="12109">
      <class name="script.TestDemo2">
        <test-method is-config="true" signature="precondition(java.lang.String,java.lang.String,java.lang.String)[pri:0, instance:script.TestDemo2@2e6a8155]" started-at="2024-10-13T00:23:55 GST" name="precondition" finished-at="2024-10-13T00:24:07 GST" duration-ms="11963" status="PASS">
          <params>
            <param index="0">
              <value>
                <![CDATA[chrome]]>
              </value>
            </param>
            <param index="1">
              <value>
                <![CDATA[no]]>
              </value>
            </param>
            <param index="2">
              <value>
                <![CDATA[]]>
              </value>
            </param>
          </params>
          <reporter-output>
          </reporter-output>
        </test-method> <!-- precondition -->
        <test-method signature="test1()[pri:0, instance:script.TestDemo2@2e6a8155]" started-at="2024-10-13T00:24:07 GST" name="test1" finished-at="2024-10-13T00:24:07 GST" duration-ms="8" status="PASS">
          <reporter-output>
            <line>
              <![CDATA[Loveena running test1....]]>
            </line>
          </reporter-output>
        </test-method> <!-- test1 -->
        <test-method is-config="true" signature="postcondition()[pri:0, instance:script.TestDemo2@2e6a8155]" started-at="2024-10-13T00:24:07 GST" name="postcondition" finished-at="2024-10-13T00:24:07 GST" duration-ms="95" status="PASS">
          <reporter-output>
          </reporter-output>
        </test-method> <!-- postcondition -->
      </class> <!-- script.TestDemo2 -->
    </test> <!-- Default test -->
  </suite> <!-- Default suite -->
</testng-results>
