<?xml version="1.0" encoding="UTF-8"?>
<testng-results ignored="0" total="1" passed="1" failed="0" skipped="0">
  <reporter-output>
    <line>
      <![CDATA[Opening chrome on local system]]>
    </line>
    <line>
      <![CDATA[Maximize the browser]]>
    </line>
    <line>
      <![CDATA[Enter the URL]]>
    </line>
    <line>
      <![CDATA[Implicit wait]]>
    </line>
    <line>
      <![CDATA[Explicit wait]]>
    </line>
    <line>
      <![CDATA[Exception occured in Customers tab]]>
    </line>
    <line>
      <![CDATA[PASS:Item qty updated:200]]>
    </line>
    <line>
      <![CDATA[testQuantity has passed,hence NO screenshot has been taken]]>
    </line>
  </reporter-output>
  <suite started-at="2024-10-22T12:20:36 GST" name="Default suite" finished-at="2024-10-22T12:21:13 GST" duration-ms="36386">
    <groups>
    </groups>
    <test started-at="2024-10-22T12:20:36 GST" name="Default test" finished-at="2024-10-22T12:21:13 GST" duration-ms="36386">
      <class name="scriptForPOS.ValidateQuantity">
        <test-method is-config="true" signature="precondition(java.lang.String,java.lang.String,java.lang.String,java.lang.String)[pri:0, instance:scriptForPOS.ValidateQuantity@52719fb6]" started-at="2024-10-22T12:20:36 GST" name="precondition" finished-at="2024-10-22T12:20:44 GST" duration-ms="7464" status="PASS">
          <params>
            <param index="0">
              <value>
                <![CDATA[chrome]]>
              </value>
            </param>
            <param index="1">
              <value>
                <![CDATA[no]]>
              </value>
            </param>
            <param index="2">
              <value>
                <![CDATA[]]>
              </value>
            </param>
            <param index="3">
              <value>
                <![CDATA[./staging_env.properties]]>
              </value>
            </param>
          </params>
          <reporter-output>
            <line>
              <![CDATA[Opening chrome on local system]]>
            </line>
            <line>
              <![CDATA[Maximize the browser]]>
            </line>
            <line>
              <![CDATA[Enter the URL]]>
            </line>
            <line>
              <![CDATA[Implicit wait]]>
            </line>
            <line>
              <![CDATA[Explicit wait]]>
            </line>
          </reporter-output>
        </test-method> <!-- precondition -->
        <test-method signature="testQuantity()[pri:0, instance:scriptForPOS.ValidateQuantity@52719fb6]" started-at="2024-10-22T12:20:44 GST" name="testQuantity" finished-at="2024-10-22T12:21:11 GST" duration-ms="26731" status="PASS">
          <reporter-output>
            <line>
              <![CDATA[Exception occured in Customers tab]]>
            </line>
            <line>
              <![CDATA[PASS:Item qty updated:200]]>
            </line>
          </reporter-output>
        </test-method> <!-- testQuantity -->
        <test-method is-config="true" signature="postcondition(org.testng.ITestResult)[pri:0, instance:scriptForPOS.ValidateQuantity@52719fb6]" started-at="2024-10-22T12:21:11 GST" name="postcondition" finished-at="2024-10-22T12:21:13 GST" duration-ms="2134" status="PASS">
          <params>
            <param index="0">
              <value>
                <![CDATA[[TestResult name=testQuantity status=SUCCESS method=ValidateQuantity.testQuantity()[pri:0, instance:scriptForPOS.ValidateQuantity@52719fb6] output=Exception occured in Customers tab]]]>
              </value>
            </param>
          </params>
          <reporter-output>
            <line>
              <![CDATA[testQuantity has passed,hence NO screenshot has been taken]]>
            </line>
          </reporter-output>
        </test-method> <!-- postcondition -->
      </class> <!-- scriptForPOS.ValidateQuantity -->
    </test> <!-- Default test -->
  </suite> <!-- Default suite -->
</testng-results>
