<?xml version="1.0" encoding="UTF-8"?>
<testng-results ignored="0" total="1" passed="0" failed="1" skipped="0">
  <reporter-output>
    <line>
      <![CDATA[Opening chrome on local system]]>
    </line>
    <line>
      <![CDATA[Maximize the browser]]>
    </line>
    <line>
      <![CDATA[Enter the URL]]>
    </line>
    <line>
      <![CDATA[Implicit wait]]>
    </line>
    <line>
      <![CDATA[Explicit wait]]>
    </line>
    <line>
      <![CDATA[testQuantity has failed,hence screenshot has been taken]]>
    </line>
  </reporter-output>
  <suite started-at="2024-10-20T17:57:04 GST" name="Default suite" finished-at="2024-10-20T17:57:31 GST" duration-ms="26587">
    <groups>
    </groups>
    <test started-at="2024-10-20T17:57:04 GST" name="Default test" finished-at="2024-10-20T17:57:31 GST" duration-ms="26587">
      <class name="scriptForLoginPage.ValidateQuantity">
        <test-method is-config="true" signature="precondition(java.lang.String,java.lang.String,java.lang.String,java.lang.String)[pri:0, instance:scriptForLoginPage.ValidateQuantity@52719fb6]" started-at="2024-10-20T17:57:04 GST" name="precondition" finished-at="2024-10-20T17:57:13 GST" duration-ms="8555" status="PASS">
          <params>
            <param index="0">
              <value>
                <![CDATA[chrome]]>
              </value>
            </param>
            <param index="1">
              <value>
                <![CDATA[no]]>
              </value>
            </param>
            <param index="2">
              <value>
                <![CDATA[]]>
              </value>
            </param>
            <param index="3">
              <value>
                <![CDATA[./staging_env.properties]]>
              </value>
            </param>
          </params>
          <reporter-output>
            <line>
              <![CDATA[Opening chrome on local system]]>
            </line>
            <line>
              <![CDATA[Maximize the browser]]>
            </line>
            <line>
              <![CDATA[Enter the URL]]>
            </line>
            <line>
              <![CDATA[Implicit wait]]>
            </line>
            <line>
              <![CDATA[Explicit wait]]>
            </line>
          </reporter-output>
        </test-method> <!-- precondition -->
        <test-method signature="testQuantity()[pri:0, instance:scriptForLoginPage.ValidateQuantity@52719fb6]" started-at="2024-10-20T17:57:13 GST" name="testQuantity" finished-at="2024-10-20T17:57:28 GST" duration-ms="15645" status="FAIL">
          <exception class="org.openqa.selenium.ElementClickInterceptedException">
            <message>
              <![CDATA[element click intercepted: Element <a href="https://pos.aksharatraining.in/pos/public/receivings" title="Receivings" class="menu-icon">...</a> is not clickable at point (928, 53). Other element would receive the click: <div class="bootstrap-dialog-header">...</div>
  (Session info: chrome=129.0.6668.101)
Build info: version: '4.25.0', revision: '8a8aea2337'
System info: os.name: 'Mac OS X', os.arch: 'x86_64', os.version: '15.0.1', java.version: '17.0.9'
Driver info: org.openqa.selenium.chrome.ChromeDriver
Command: [9505339e48a8a4fb3ee270d1621b646e, clickElement {id=f.B7119BD2A12EB850C7389ACE783132CC.d.56BB3A02919098F0274BD198A81D76D2.e.379}]
Capabilities {acceptInsecureCerts: false, browserName: chrome, browserVersion: 129.0.6668.101, chrome: {chromedriverVersion: 129.0.6668.100 (cf58cba358d..., userDataDir: /var/folders/x5/_sfvc4l16ln...}, fedcm:accounts: true, goog:chromeOptions: {debuggerAddress: localhost:56428}, networkConnectionEnabled: false, pageLoadStrategy: normal, platformName: mac, proxy: Proxy(), se:cdp: ws://localhost:56428/devtoo..., se:cdpVersion: 129.0.6668.101, setWindowRect: true, strictFileInteractability: false, timeouts: {implicit: 0, pageLoad: 300000, script: 30000}, unhandledPromptBehavior: dismiss and notify, webauthn:extension:credBlob: true, webauthn:extension:largeBlob: true, webauthn:extension:minPinLength: true, webauthn:extension:prf: true, webauthn:virtualAuthenticators: true}
Element: [[ChromeDriver: chrome on mac (9505339e48a8a4fb3ee270d1621b646e)] -> xpath: //a[@title='Receivings']]
Session ID: 9505339e48a8a4fb3ee270d1621b646e]]>
            </message>
            <full-stacktrace>
              <![CDATA[org.openqa.selenium.ElementClickInterceptedException: element click intercepted: Element <a href="https://pos.aksharatraining.in/pos/public/receivings" title="Receivings" class="menu-icon">...</a> is not clickable at point (928, 53). Other element would receive the click: <div class="bootstrap-dialog-header">...</div>
  (Session info: chrome=129.0.6668.101)
Build info: version: '4.25.0', revision: '8a8aea2337'
System info: os.name: 'Mac OS X', os.arch: 'x86_64', os.version: '15.0.1', java.version: '17.0.9'
Driver info: org.openqa.selenium.chrome.ChromeDriver
Command: [9505339e48a8a4fb3ee270d1621b646e, clickElement {id=f.B7119BD2A12EB850C7389ACE783132CC.d.56BB3A02919098F0274BD198A81D76D2.e.379}]
Capabilities {acceptInsecureCerts: false, browserName: chrome, browserVersion: 129.0.6668.101, chrome: {chromedriverVersion: 129.0.6668.100 (cf58cba358d..., userDataDir: /var/folders/x5/_sfvc4l16ln...}, fedcm:accounts: true, goog:chromeOptions: {debuggerAddress: localhost:56428}, networkConnectionEnabled: false, pageLoadStrategy: normal, platformName: mac, proxy: Proxy(), se:cdp: ws://localhost:56428/devtoo..., se:cdpVersion: 129.0.6668.101, setWindowRect: true, strictFileInteractability: false, timeouts: {implicit: 0, pageLoad: 300000, script: 30000}, unhandledPromptBehavior: dismiss and notify, webauthn:extension:credBlob: true, webauthn:extension:largeBlob: true, webauthn:extension:minPinLength: true, webauthn:extension:prf: true, webauthn:virtualAuthenticators: true}
Element: [[ChromeDriver: chrome on mac (9505339e48a8a4fb3ee270d1621b646e)] -> xpath: //a[@title='Receivings']]
Session ID: 9505339e48a8a4fb3ee270d1621b646e
at java.base/jdk.internal.reflect.NativeConstructorAccessorImpl.newInstance0(Native Method)
at java.base/jdk.internal.reflect.NativeConstructorAccessorImpl.newInstance(NativeConstructorAccessorImpl.java:77)
at java.base/jdk.internal.reflect.DelegatingConstructorAccessorImpl.newInstance(DelegatingConstructorAccessorImpl.java:45)
at java.base/java.lang.reflect.Constructor.newInstanceWithCaller(Constructor.java:499)
at java.base/java.lang.reflect.Constructor.newInstance(Constructor.java:480)
at org.openqa.selenium.remote.ErrorCodec.decode(ErrorCodec.java:167)
at org.openqa.selenium.remote.codec.w3c.W3CHttpResponseCodec.decode(W3CHttpResponseCodec.java:138)
at org.openqa.selenium.remote.codec.w3c.W3CHttpResponseCodec.decode(W3CHttpResponseCodec.java:50)
at org.openqa.selenium.remote.HttpCommandExecutor.execute(HttpCommandExecutor.java:190)
at org.openqa.selenium.remote.service.DriverCommandExecutor.invokeExecute(DriverCommandExecutor.java:216)
at org.openqa.selenium.remote.service.DriverCommandExecutor.execute(DriverCommandExecutor.java:174)
at org.openqa.selenium.remote.RemoteWebDriver.execute(RemoteWebDriver.java:545)
at org.openqa.selenium.remote.RemoteWebElement.execute(RemoteWebElement.java:223)
at org.openqa.selenium.remote.RemoteWebElement.click(RemoteWebElement.java:76)
at java.base/jdk.internal.reflect.NativeMethodAccessorImpl.invoke0(Native Method)
at java.base/jdk.internal.reflect.NativeMethodAccessorImpl.invoke(NativeMethodAccessorImpl.java:77)
at java.base/jdk.internal.reflect.DelegatingMethodAccessorImpl.invoke(DelegatingMethodAccessorImpl.java:43)
at java.base/java.lang.reflect.Method.invoke(Method.java:568)
at org.openqa.selenium.support.pagefactory.internal.LocatingElementHandler.invoke(LocatingElementHandler.java:51)
at jdk.proxy2/jdk.proxy2.$Proxy14.click(Unknown Source)
at page.ReceivingsPage.clickReceiving(ReceivingsPage.java:22)
at scriptForLoginPage.ValidateQuantity.testQuantity(ValidateQuantity.java:51)
at java.base/jdk.internal.reflect.NativeMethodAccessorImpl.invoke0(Native Method)
at java.base/jdk.internal.reflect.NativeMethodAccessorImpl.invoke(NativeMethodAccessorImpl.java:77)
at java.base/jdk.internal.reflect.DelegatingMethodAccessorImpl.invoke(DelegatingMethodAccessorImpl.java:43)
at java.base/java.lang.reflect.Method.invoke(Method.java:568)
at org.testng.internal.invokers.MethodInvocationHelper.invokeMethod(MethodInvocationHelper.java:141)
at org.testng.internal.invokers.TestInvoker.invokeMethod(TestInvoker.java:686)
at org.testng.internal.invokers.TestInvoker.invokeTestMethod(TestInvoker.java:230)
at org.testng.internal.invokers.MethodRunner.runInSequence(MethodRunner.java:63)
at org.testng.internal.invokers.TestInvoker$MethodInvocationAgent.invoke(TestInvoker.java:992)
at org.testng.internal.invokers.TestInvoker.invokeTestMethods(TestInvoker.java:203)
at org.testng.internal.invokers.TestMethodWorker.invokeTestMethods(TestMethodWorker.java:154)
at org.testng.internal.invokers.TestMethodWorker.run(TestMethodWorker.java:134)
at java.base/java.util.ArrayList.forEach(ArrayList.java:1511)
at org.testng.TestRunner.privateRun(TestRunner.java:739)
at org.testng.TestRunner.run(TestRunner.java:614)
at org.testng.SuiteRunner.runTest(SuiteRunner.java:421)
at org.testng.SuiteRunner.runSequentially(SuiteRunner.java:413)
at org.testng.SuiteRunner.privateRun(SuiteRunner.java:373)
at org.testng.SuiteRunner.run(SuiteRunner.java:312)
at org.testng.SuiteRunnerWorker.runSuite(SuiteRunnerWorker.java:52)
at org.testng.SuiteRunnerWorker.run(SuiteRunnerWorker.java:95)
at org.testng.TestNG.runSuitesSequentially(TestNG.java:1274)
at org.testng.TestNG.runSuitesLocally(TestNG.java:1208)
at org.testng.TestNG.runSuites(TestNG.java:1112)
at org.testng.TestNG.run(TestNG.java:1079)
at org.testng.remote.AbstractRemoteTestNG.run(AbstractRemoteTestNG.java:115)
at org.testng.remote.RemoteTestNG.initAndRun(RemoteTestNG.java:293)
at org.testng.remote.RemoteTestNG.main(RemoteTestNG.java:91)
]]>
            </full-stacktrace>
          </exception> <!-- org.openqa.selenium.ElementClickInterceptedException -->
          <reporter-output>
          </reporter-output>
        </test-method> <!-- testQuantity -->
        <test-method is-config="true" signature="postcondition(org.testng.ITestResult)[pri:0, instance:scriptForLoginPage.ValidateQuantity@52719fb6]" started-at="2024-10-20T17:57:29 GST" name="postcondition" finished-at="2024-10-20T17:57:31 GST" duration-ms="2330" status="PASS">
          <params>
            <param index="0">
              <value>
                <![CDATA[[TestResult name=testQuantity status=FAILURE method=ValidateQuantity.testQuantity()[pri:0, instance:scriptForLoginPage.ValidateQuantity@52719fb6] output={null}]]]>
              </value>
            </param>
          </params>
          <reporter-output>
            <line>
              <![CDATA[testQuantity has failed,hence screenshot has been taken]]>
            </line>
          </reporter-output>
        </test-method> <!-- postcondition -->
      </class> <!-- scriptForLoginPage.ValidateQuantity -->
    </test> <!-- Default test -->
  </suite> <!-- Default suite -->
</testng-results>
