<?xml version="1.0" encoding="UTF-8"?>
<testng-results ignored="0" total="2" passed="2" failed="0" skipped="0">
  <reporter-output>
    <line>
      <![CDATA[test1....]]>
    </line>
    <line>
      <![CDATA[Loveena:test1....]]>
    </line>
  </reporter-output>
  <suite started-at="2024-10-12T19:59:46 GST" name="Suite" finished-at="2024-10-12T19:59:56 GST" duration-ms="10904">
    <groups>
    </groups>
    <test started-at="2024-10-12T19:59:46 GST" name="Test" finished-at="2024-10-12T19:59:56 GST" duration-ms="10904">
      <class name="script.TestDemo">
        <test-method is-config="true" signature="precondition()[pri:0, instance:script.TestDemo@272113c4]" started-at="2024-10-12T19:59:46 GST" name="precondition" finished-at="2024-10-12T19:59:51 GST" duration-ms="5646" status="PASS">
          <reporter-output>
          </reporter-output>
        </test-method> <!-- precondition -->
        <test-method signature="test1()[pri:0, instance:script.TestDemo@272113c4]" started-at="2024-10-12T19:59:51 GST" name="test1" finished-at="2024-10-12T19:59:51 GST" duration-ms="9" status="PASS">
          <reporter-output>
            <line>
              <![CDATA[test1....]]>
            </line>
          </reporter-output>
        </test-method> <!-- test1 -->
        <test-method is-config="true" signature="postcondition()[pri:0, instance:script.TestDemo@272113c4]" started-at="2024-10-12T19:59:51 GST" name="postcondition" finished-at="2024-10-12T19:59:51 GST" duration-ms="108" status="PASS">
          <reporter-output>
          </reporter-output>
        </test-method> <!-- postcondition -->
      </class> <!-- script.TestDemo -->
      <class name="script.TestDemo2">
        <test-method is-config="true" signature="precondition()[pri:0, instance:script.TestDemo2@2ddc9a9f]" started-at="2024-10-12T19:59:51 GST" name="precondition" finished-at="2024-10-12T19:59:56 GST" duration-ms="5012" status="PASS">
          <reporter-output>
          </reporter-output>
        </test-method> <!-- precondition -->
        <test-method signature="test1()[pri:0, instance:script.TestDemo2@2ddc9a9f]" started-at="2024-10-12T19:59:56 GST" name="test1" finished-at="2024-10-12T19:59:56 GST" duration-ms="1" status="PASS">
          <reporter-output>
            <line>
              <![CDATA[Loveena:test1....]]>
            </line>
          </reporter-output>
        </test-method> <!-- test1 -->
        <test-method is-config="true" signature="postcondition()[pri:0, instance:script.TestDemo2@2ddc9a9f]" started-at="2024-10-12T19:59:56 GST" name="postcondition" finished-at="2024-10-12T19:59:56 GST" duration-ms="82" status="PASS">
          <reporter-output>
          </reporter-output>
        </test-method> <!-- postcondition -->
      </class> <!-- script.TestDemo2 -->
    </test> <!-- Test -->
  </suite> <!-- Suite -->
</testng-results>
