<?xml version="1.0" encoding="UTF-8"?>
<testng-results ignored="0" total="2" passed="1" failed="1" skipped="0">
  <reporter-output>
    <line>
      <![CDATA[Before Method]]>
    </line>
    <line>
      <![CDATA[This is test1]]>
    </line>
    <line>
      <![CDATA[After Method test1:1]]>
    </line>
    <line>
      <![CDATA[Before Method]]>
    </line>
    <line>
      <![CDATA[This is test2]]>
    </line>
    <line>
      <![CDATA[After Method test2:2]]>
    </line>
  </reporter-output>
  <suite started-at="2024-10-13T12:30:11 GST" name="Default suite" finished-at="2024-10-13T12:30:12 GST" duration-ms="74">
    <groups>
    </groups>
    <test started-at="2024-10-13T12:30:11 GST" name="Default test" finished-at="2024-10-13T12:30:12 GST" duration-ms="74">
      <class name="script.Demo1">
        <test-method is-config="true" signature="bm()[pri:0, instance:script.Demo1@4f80542f]" started-at="2024-10-13T12:30:12 GST" name="bm" finished-at="2024-10-13T12:30:12 GST" duration-ms="6" status="PASS">
          <reporter-output>
            <line>
              <![CDATA[Before Method]]>
            </line>
          </reporter-output>
        </test-method> <!-- bm -->
        <test-method signature="test1()[pri:0, instance:script.Demo1@4f80542f]" started-at="2024-10-13T12:30:12 GST" name="test1" finished-at="2024-10-13T12:30:12 GST" duration-ms="5" status="PASS">
          <reporter-output>
            <line>
              <![CDATA[This is test1]]>
            </line>
          </reporter-output>
        </test-method> <!-- test1 -->
        <test-method is-config="true" signature="am(org.testng.ITestResult)[pri:0, instance:script.Demo1@4f80542f]" started-at="2024-10-13T12:30:12 GST" name="am" finished-at="2024-10-13T12:30:12 GST" duration-ms="1" status="PASS">
          <params>
            <param index="0">
              <value>
                <![CDATA[[TestResult name=test1 status=SUCCESS method=Demo1.test1()[pri:0, instance:script.Demo1@4f80542f] output=This is test1]]]>
              </value>
            </param>
          </params>
          <reporter-output>
            <line>
              <![CDATA[After Method test1:1]]>
            </line>
          </reporter-output>
        </test-method> <!-- am -->
        <test-method is-config="true" signature="bm()[pri:0, instance:script.Demo1@4f80542f]" started-at="2024-10-13T12:30:12 GST" name="bm" finished-at="2024-10-13T12:30:12 GST" duration-ms="3" status="PASS">
          <reporter-output>
            <line>
              <![CDATA[Before Method]]>
            </line>
          </reporter-output>
        </test-method> <!-- bm -->
        <test-method signature="test2()[pri:0, instance:script.Demo1@4f80542f]" started-at="2024-10-13T12:30:12 GST" name="test2" finished-at="2024-10-13T12:30:12 GST" duration-ms="2" status="FAIL">
          <exception class="java.lang.AssertionError">
            <message>
              <![CDATA[null]]>
            </message>
            <full-stacktrace>
              <![CDATA[java.lang.AssertionError: null
at org.testng.Assert.fail(Assert.java:111)
at org.testng.Assert.fail(Assert.java:116)
at script.Demo1.test2(Demo1.java:43)
at java.base/jdk.internal.reflect.NativeMethodAccessorImpl.invoke0(Native Method)
at java.base/jdk.internal.reflect.NativeMethodAccessorImpl.invoke(NativeMethodAccessorImpl.java:77)
at java.base/jdk.internal.reflect.DelegatingMethodAccessorImpl.invoke(DelegatingMethodAccessorImpl.java:43)
at java.base/java.lang.reflect.Method.invoke(Method.java:568)
at org.testng.internal.invokers.MethodInvocationHelper.invokeMethod(MethodInvocationHelper.java:141)
at org.testng.internal.invokers.TestInvoker.invokeMethod(TestInvoker.java:686)
at org.testng.internal.invokers.TestInvoker.invokeTestMethod(TestInvoker.java:230)
at org.testng.internal.invokers.MethodRunner.runInSequence(MethodRunner.java:63)
at org.testng.internal.invokers.TestInvoker$MethodInvocationAgent.invoke(TestInvoker.java:992)
at org.testng.internal.invokers.TestInvoker.invokeTestMethods(TestInvoker.java:203)
at org.testng.internal.invokers.TestMethodWorker.invokeTestMethods(TestMethodWorker.java:154)
at org.testng.internal.invokers.TestMethodWorker.run(TestMethodWorker.java:134)
at java.base/java.util.ArrayList.forEach(ArrayList.java:1511)
at org.testng.TestRunner.privateRun(TestRunner.java:739)
at org.testng.TestRunner.run(TestRunner.java:614)
at org.testng.SuiteRunner.runTest(SuiteRunner.java:421)
at org.testng.SuiteRunner.runSequentially(SuiteRunner.java:413)
at org.testng.SuiteRunner.privateRun(SuiteRunner.java:373)
at org.testng.SuiteRunner.run(SuiteRunner.java:312)
at org.testng.SuiteRunnerWorker.runSuite(SuiteRunnerWorker.java:52)
at org.testng.SuiteRunnerWorker.run(SuiteRunnerWorker.java:95)
at org.testng.TestNG.runSuitesSequentially(TestNG.java:1274)
at org.testng.TestNG.runSuitesLocally(TestNG.java:1208)
at org.testng.TestNG.runSuites(TestNG.java:1112)
at org.testng.TestNG.run(TestNG.java:1079)
at org.testng.remote.AbstractRemoteTestNG.run(AbstractRemoteTestNG.java:115)
at org.testng.remote.RemoteTestNG.initAndRun(RemoteTestNG.java:293)
at org.testng.remote.RemoteTestNG.main(RemoteTestNG.java:91)
]]>
            </full-stacktrace>
          </exception> <!-- java.lang.AssertionError -->
          <reporter-output>
            <line>
              <![CDATA[This is test2]]>
            </line>
          </reporter-output>
        </test-method> <!-- test2 -->
        <test-method is-config="true" signature="am(org.testng.ITestResult)[pri:0, instance:script.Demo1@4f80542f]" started-at="2024-10-13T12:30:12 GST" name="am" finished-at="2024-10-13T12:30:12 GST" duration-ms="0" status="PASS">
          <params>
            <param index="0">
              <value>
                <![CDATA[[TestResult name=test2 status=FAILURE method=Demo1.test2()[pri:0, instance:script.Demo1@4f80542f] output=This is test2]]]>
              </value>
            </param>
          </params>
          <reporter-output>
            <line>
              <![CDATA[After Method test2:2]]>
            </line>
          </reporter-output>
        </test-method> <!-- am -->
      </class> <!-- script.Demo1 -->
    </test> <!-- Default test -->
  </suite> <!-- Default suite -->
</testng-results>
